#
# There is insufficient memory for the Java Runtime Environment to continue.
# Native memory allocation (mmap) failed to map 65536 bytes for Failed to commit metaspace.
# Possible reasons:
#   The system is out of physical RAM or swap space
#   The process is running with CompressedOops enabled, and the Java Heap may be blocking the growth of the native heap
# Possible solutions:
#   Reduce memory load on the system
#   Increase physical memory or swap space
#   Check if swap backing store is full
#   Decrease Java heap size (-Xmx/-Xms)
#   Decrease number of Java threads
#   Decrease Java thread stack sizes (-Xss)
#   Set larger code cache with -XX:ReservedCodeCacheSize=
#   JVM is running with Unscaled Compressed Oops mode in which the Java heap is
#     placed in the first 4GB address space. The Java Heap base address is the
#     maximum limit for the native heap growth. Please use -XX:HeapBaseMinAddress
#     to set the Java Heap base and to place the Java Heap above 4GB virtual address.
# This output file may be truncated or incomplete.
#
#  Out of Memory Error (virtualSpaceNode.cpp:110), pid=9380, tid=10688
#
# JRE version: Java(TM) SE Runtime Environment (17.0.2+8) (build 17.0.2+8-LTS-86)
# Java VM: Java HotSpot(TM) 64-Bit Server VM (17.0.2+8-LTS-86, mixed mode, emulated-client, sharing, tiered, compressed oops, compressed class ptrs, g1 gc, windows-amd64)
# No core dump will be written. Minidumps are not enabled by default on client versions of Windows
#

---------------  S U M M A R Y ------------

Command Line: -agentlib:jdwp=transport=dt_socket,address=127.0.0.1:62707,suspend=y,server=n -XX:TieredStopAtLevel=1 -Xverify:none -Dspring.output.ansi.enabled=always -javaagent:C:\Users\thana\AppData\Local\JetBrains\IntelliJIdea2021.3\captureAgent\debugger-agent.jar -Dcom.sun.management.jmxremote -Dspring.jmx.enabled=true -Dspring.liveBeansView.mbeanDomain -Dspring.application.admin.enabled=true -Dfile.encoding=UTF-8 com.example.room_booking_system.RoomBookingSystemApplication

Host: AMD Ryzen 5 3500U with Radeon Vega Mobile Gfx  , 8 cores, 6G,  Windows 11 , 64 bit Build 22621 (10.0.22621.3958)
Time: Sun Oct 20 02:24:55 2024  Windows 11 , 64 bit Build 22621 (10.0.22621.3958) elapsed time: 10.908692 seconds (0d 0h 0m 10s)

---------------  T H R E A D  ---------------

Current thread (0x000001923e72da40):  JavaThread "http-nio-8080-exec-1" daemon [_thread_in_vm, id=10688, stack(0x00000001b5800000,0x00000001b5900000)]

Stack: [0x00000001b5800000,0x00000001b5900000]
Native frames: (J=compiled Java code, j=interpreted, Vv=VM code, C=native code)
V  [jvm.dll+0x670baa]
V  [jvm.dll+0x7cfcb4]
V  [jvm.dll+0x7d145e]
V  [jvm.dll+0x7d1ac3]
V  [jvm.dll+0x242bc5]
V  [jvm.dll+0x7cbc5b]
V  [jvm.dll+0x616966]
V  [jvm.dll+0x1be3ee]
V  [jvm.dll+0x6192a1]
V  [jvm.dll+0x617306]
V  [jvm.dll+0x23718f]
V  [jvm.dll+0x621015]
V  [jvm.dll+0x1e7e2b]
V  [jvm.dll+0x1e8365]
V  [jvm.dll+0x1e8d9f]
V  [jvm.dll+0x1de251]
V  [jvm.dll+0x537c30]
V  [jvm.dll+0x74ad28]
V  [jvm.dll+0x74ae14]
V  [jvm.dll+0x408cc5]
V  [jvm.dll+0x40ed18]
C  [java.dll+0x17ec]

Java frames: (J=compiled Java code, j=interpreted, Vv=VM code)
J 1169  java.lang.ClassLoader.defineClass1(Ljava/lang/ClassLoader;Ljava/lang/String;[BIILjava/security/ProtectionDomain;Ljava/lang/String;)Ljava/lang/Class; java.base@17.0.2 (0 bytes) @ 0x00000192316a4663 [0x00000192316a45a0+0x00000000000000c3]
J 1360 c1 java.lang.ClassLoader.defineClass(Ljava/lang/String;[BIILjava/security/ProtectionDomain;)Ljava/lang/Class; java.base@17.0.2 (43 bytes) @ 0x00000192316fa614 [0x00000192316fa4e0+0x0000000000000134]
J 1194 c1 jdk.internal.loader.BuiltinClassLoader.defineClass(Ljava/lang/String;Ljdk/internal/loader/Resource;)Ljava/lang/Class; java.base@17.0.2 (121 bytes) @ 0x00000192316b351c [0x00000192316b3020+0x00000000000004fc]
J 1171 c1 jdk.internal.loader.BuiltinClassLoader.findClassOnClassPathOrNull(Ljava/lang/String;)Ljava/lang/Class; java.base@17.0.2 (64 bytes) @ 0x00000192316a6094 [0x00000192316a5da0+0x00000000000002f4]
J 1017 c1 jdk.internal.loader.BuiltinClassLoader.loadClassOrNull(Ljava/lang/String;Z)Ljava/lang/Class; java.base@17.0.2 (143 bytes) @ 0x0000019231660fb4 [0x0000019231660b00+0x00000000000004b4]
J 1083 c1 jdk.internal.loader.ClassLoaders$AppClassLoader.loadClass(Ljava/lang/String;Z)Ljava/lang/Class; java.base@17.0.2 (40 bytes) @ 0x000001923167cf34 [0x000001923167ce00+0x0000000000000134]
J 1074 c1 java.lang.ClassLoader.loadClass(Ljava/lang/String;)Ljava/lang/Class; java.base@17.0.2 (7 bytes) @ 0x000001923167a4fc [0x000001923167a4a0+0x000000000000005c]
v  ~StubRoutines::call_stub
j  org.thymeleaf.engine.TemplateManager.<init>(Lorg/thymeleaf/IEngineConfiguration;)V+124
j  org.thymeleaf.EngineConfiguration.initialize()V+6
j  org.thymeleaf.TemplateEngine.initialize()V+107
j  org.thymeleaf.TemplateEngine.getConfiguration()Lorg/thymeleaf/IEngineConfiguration;+8
j  org.thymeleaf.spring5.view.ThymeleafView.renderFragment(Ljava/util/Set;Ljava/util/Map;Ljavax/servlet/http/HttpServletRequest;Ljavax/servlet/http/HttpServletResponse;)V+251
j  org.thymeleaf.spring5.view.ThymeleafView.render(Ljava/util/Map;Ljavax/servlet/http/HttpServletRequest;Ljavax/servlet/http/HttpServletResponse;)V+8
j  org.springframework.web.servlet.DispatcherServlet.render(Lorg/springframework/web/servlet/ModelAndView;Ljavax/servlet/http/HttpServletRequest;Ljavax/servlet/http/HttpServletResponse;)V+259
j  org.springframework.web.servlet.DispatcherServlet.processDispatchResult(Ljavax/servlet/http/HttpServletRequest;Ljavax/servlet/http/HttpServletResponse;Lorg/springframework/web/servlet/HandlerExecutionChain;Lorg/springframework/web/servlet/ModelAndView;Ljava/lang/Exception;)V+98
j  org.springframework.web.servlet.DispatcherServlet.doDispatch(Ljavax/servlet/http/HttpServletRequest;Ljavax/servlet/http/HttpServletResponse;)V+360
j  org.springframework.web.servlet.DispatcherServlet.doService(Ljavax/servlet/http/HttpServletRequest;Ljavax/servlet/http/HttpServletResponse;)V+241
j  org.springframework.web.servlet.FrameworkServlet.processRequest(Ljavax/servlet/http/HttpServletRequest;Ljavax/servlet/http/HttpServletResponse;)V+71
j  org.springframework.web.servlet.FrameworkServlet.doGet(Ljavax/servlet/http/HttpServletRequest;Ljavax/servlet/http/HttpServletResponse;)V+3
j  javax.servlet.http.HttpServlet.service(Ljavax/servlet/http/HttpServletRequest;Ljavax/servlet/http/HttpServletResponse;)V+35
j  org.springframework.web.servlet.FrameworkServlet.service(Ljavax/servlet/http/HttpServletRequest;Ljavax/servlet/http/HttpServletResponse;)V+33
j  javax.servlet.http.HttpServlet.service(Ljavax/servlet/ServletRequest;Ljavax/servlet/ServletResponse;)V+36
j  org.apache.catalina.core.ApplicationFilterChain.internalDoFilter(Ljavax/servlet/ServletRequest;Ljavax/servlet/ServletResponse;)V+304
j  org.apache.catalina.core.ApplicationFilterChain.doFilter(Ljavax/servlet/ServletRequest;Ljavax/servlet/ServletResponse;)V+99
j  org.springframework.web.filter.RequestContextFilter.doFilterInternal(Ljavax/servlet/http/HttpServletRequest;Ljavax/servlet/http/HttpServletResponse;Ljavax/servlet/FilterChain;)V+21
j  org.springframework.web.filter.OncePerRequestFilter.doFilter(Ljavax/servlet/ServletRequest;Ljavax/servlet/ServletResponse;Ljavax/servlet/FilterChain;)V+147
j  org.apache.catalina.core.ApplicationFilterChain.internalDoFilter(Ljavax/servlet/ServletRequest;Ljavax/servlet/ServletResponse;)V+135
j  org.apache.catalina.core.ApplicationFilterChain.doFilter(Ljavax/servlet/ServletRequest;Ljavax/servlet/ServletResponse;)V+99
j  org.springframework.web.filter.OncePerRequestFilter.doFilter(Ljavax/servlet/ServletRequest;Ljavax/servlet/ServletResponse;Ljavax/servlet/FilterChain;)V+81
j  org.apache.catalina.core.ApplicationFilterChain.internalDoFilter(Ljavax/servlet/ServletRequest;Ljavax/servlet/ServletResponse;)V+135
j  org.apache.catalina.core.ApplicationFilterChain.doFilter(Ljavax/servlet/ServletRequest;Ljavax/servlet/ServletResponse;)V+99
j  org.springframework.web.filter.OncePerRequestFilter.doFilter(Ljavax/servlet/ServletRequest;Ljavax/servlet/ServletResponse;Ljavax/servlet/FilterChain;)V+81
j  org.apache.catalina.core.ApplicationFilterChain.internalDoFilter(Ljavax/servlet/ServletRequest;Ljavax/servlet/ServletResponse;)V+135
j  org.apache.catalina.core.ApplicationFilterChain.doFilter(Ljavax/servlet/ServletRequest;Ljavax/servlet/ServletResponse;)V+99
j  org.apache.catalina.core.ApplicationDispatcher.invoke(Ljavax/servlet/ServletRequest;Ljavax/servlet/ServletResponse;Lorg/apache/catalina/core/ApplicationDispatcher$State;)V+341
j  org.apache.catalina.core.ApplicationDispatcher.processRequest(Ljavax/servlet/ServletRequest;Ljavax/servlet/ServletResponse;Lorg/apache/catalina/core/ApplicationDispatcher$State;)V+111
j  org.apache.catalina.core.ApplicationDispatcher.doForward(Ljavax/servlet/ServletRequest;Ljavax/servlet/ServletResponse;)V+357
j  org.apache.catalina.core.ApplicationDispatcher.forward(Ljavax/servlet/ServletRequest;Ljavax/servlet/ServletResponse;)V+55
j  org.apache.catalina.core.StandardHostValve.custom(Lorg/apache/catalina/connector/Request;Lorg/apache/catalina/connector/Response;Lorg/apache/tomcat/util/descriptor/web/ErrorPage;)Z+189
j  org.apache.catalina.core.StandardHostValve.status(Lorg/apache/catalina/connector/Request;Lorg/apache/catalina/connector/Response;)V+159
j  org.apache.catalina.core.StandardHostValve.invoke(Lorg/apache/catalina/connector/Request;Lorg/apache/catalina/connector/Response;)V+313
j  org.apache.catalina.valves.ErrorReportValve.invoke(Lorg/apache/catalina/connector/Request;Lorg/apache/catalina/connector/Response;)V+6
j  org.apache.catalina.core.StandardEngineValve.invoke(Lorg/apache/catalina/connector/Request;Lorg/apache/catalina/connector/Response;)V+59
j  org.apache.catalina.connector.CoyoteAdapter.service(Lorg/apache/coyote/Request;Lorg/apache/coyote/Response;)V+203
j  org.apache.coyote.http11.Http11Processor.service(Lorg/apache/tomcat/util/net/SocketWrapperBase;)Lorg/apache/tomcat/util/net/AbstractEndpoint$Handler$SocketState;+796
j  org.apache.coyote.AbstractProcessorLight.process(Lorg/apache/tomcat/util/net/SocketWrapperBase;Lorg/apache/tomcat/util/net/SocketEvent;)Lorg/apache/tomcat/util/net/AbstractEndpoint$Handler$SocketState;+170
j  org.apache.coyote.AbstractProtocol$ConnectionHandler.process(Lorg/apache/tomcat/util/net/SocketWrapperBase;Lorg/apache/tomcat/util/net/SocketEvent;)Lorg/apache/tomcat/util/net/AbstractEndpoint$Handler$SocketState;+489
j  org.apache.tomcat.util.net.NioEndpoint$SocketProcessor.doRun()V+249
j  org.apache.tomcat.util.net.SocketProcessorBase.run()V+21
j  org.apache.tomcat.util.threads.ThreadPoolExecutor.runWorker(Lorg/apache/tomcat/util/threads/ThreadPoolExecutor$Worker;)V+92
j  org.apache.tomcat.util.threads.ThreadPoolExecutor$Worker.run()V+5
j  org.apache.tomcat.util.threads.TaskThread$WrappingRunnable.run()V+4
j  java.lang.Thread.run()V+11 java.base@17.0.2
v  ~StubRoutines::call_stub

---------------  P R O C E S S  ---------------

Threads class SMR info:
_java_thread_list=0x000001923f939810, length=41, elements={
0x000001923b05cca0, 0x000001923b05da20, 0x000001923b076810, 0x000001923b0772d0,
0x000001923b079ba0, 0x000001923b07a460, 0x000001923b07add0, 0x000001923b07bee0,
0x000001923bc93320, 0x000001923bcb9db0, 0x000001923bd03a60, 0x000001923bd08330,
0x000001923bd1de10, 0x000001923bd42b40, 0x000001923c2585c0, 0x000001923c2610f0,
0x000001923c65e3f0, 0x000001923da25a20, 0x000001923e394060, 0x000001923dc1e8a0,
0x000001923dc1df00, 0x000001923dc1d560, 0x000001923dc1e3d0, 0x000001923e7300c0,
0x000001923e730f30, 0x000001923e72f720, 0x000001923e72da40, 0x000001923e72a080,
0x000001923e72e8b0, 0x000001923e72d0a0, 0x000001923e72d570, 0x000001923e7318d0,
0x000001923e72aa20, 0x000001923e72cbd0, 0x000001923e72fbf0, 0x000001923e72ed80,
0x000001923e72df10, 0x000001923e72bd60, 0x000001923e72f250, 0x000001923e730590,
0x000001923e730a60
}

Java Threads: ( => current thread )
  0x000001923b05cca0 JavaThread "Reference Handler" daemon [_thread_blocked, id=12556, stack(0x00000001b3000000,0x00000001b3100000)]
  0x000001923b05da20 JavaThread "Finalizer" daemon [_thread_blocked, id=9032, stack(0x00000001b3100000,0x00000001b3200000)]
  0x000001923b076810 JavaThread "Signal Dispatcher" daemon [_thread_blocked, id=2512, stack(0x00000001b3200000,0x00000001b3300000)]
  0x000001923b0772d0 JavaThread "Attach Listener" daemon [_thread_blocked, id=18428, stack(0x00000001b3300000,0x00000001b3400000)]
  0x000001923b079ba0 JavaThread "Service Thread" daemon [_thread_blocked, id=14008, stack(0x00000001b3400000,0x00000001b3500000)]
  0x000001923b07a460 JavaThread "Monitor Deflation Thread" daemon [_thread_blocked, id=4608, stack(0x00000001b3500000,0x00000001b3600000)]
  0x000001923b07add0 JavaThread "C1 CompilerThread0" daemon [_thread_blocked, id=6692, stack(0x00000001b3600000,0x00000001b3700000)]
  0x000001923b07bee0 JavaThread "Sweeper thread" daemon [_thread_blocked, id=6164, stack(0x00000001b3700000,0x00000001b3800000)]
  0x000001923bc93320 JavaThread "Common-Cleaner" daemon [_thread_blocked, id=14636, stack(0x00000001b3800000,0x00000001b3900000)]
  0x000001923bcb9db0 JavaThread "C1 CompilerThread1" daemon [_thread_blocked, id=16848, stack(0x00000001b3900000,0x00000001b3a00000)]
  0x000001923bd03a60 JavaThread "JDWP Transport Listener: dt_socket" daemon [_thread_blocked, id=16908, stack(0x00000001b3a00000,0x00000001b3b00000)]
  0x000001923bd08330 JavaThread "JDWP Event Helper Thread" daemon [_thread_blocked, id=9828, stack(0x00000001b3b00000,0x00000001b3c00000)]
  0x000001923bd1de10 JavaThread "JDWP Command Reader" daemon [_thread_in_native, id=9612, stack(0x00000001b3c00000,0x00000001b3d00000)]
  0x000001923bd42b40 JavaThread "Notification Thread" daemon [_thread_blocked, id=16664, stack(0x00000001b3d00000,0x00000001b3e00000)]
  0x000001923c2585c0 JavaThread "RMI TCP Accept-0" daemon [_thread_in_native, id=10536, stack(0x00000001b3e00000,0x00000001b3f00000)]
  0x000001923c2610f0 JavaThread "RMI TCP Connection(4)-192.168.2.7" daemon [_thread_in_native, id=14164, stack(0x00000001b4c00000,0x00000001b4d00000)]
  0x000001923c65e3f0 JavaThread "RMI Scheduler(0)" daemon [_thread_blocked, id=19516, stack(0x00000001b4d00000,0x00000001b4e00000)]
  0x000001923da25a20 JavaThread "MVStore background writer C:/Users/thana/test  # Points to the same H2 database.mv.db" daemon [_thread_blocked, id=15652, stack(0x00000001b4f00000,0x00000001b5000000)]
  0x000001923e394060 JavaThread "HikariPool-1 housekeeper" daemon [_thread_blocked, id=10028, stack(0x00000001b5000000,0x00000001b5100000)]
  0x000001923dc1e8a0 JavaThread "Catalina-utility-1" [_thread_blocked, id=16892, stack(0x00000001b5100000,0x00000001b5200000)]
  0x000001923dc1df00 JavaThread "Catalina-utility-2" [_thread_blocked, id=19856, stack(0x00000001b5200000,0x00000001b5300000)]
  0x000001923dc1d560 JavaThread "container-0" [_thread_blocked, id=17544, stack(0x00000001b5300000,0x00000001b5400000)]
  0x000001923dc1e3d0 JavaThread "H2-serialization" daemon [_thread_blocked, id=4944, stack(0x00000001b5500000,0x00000001b5600000)]
  0x000001923e7300c0 JavaThread "H2-save" daemon [_thread_blocked, id=9740, stack(0x00000001b5600000,0x00000001b5700000)]
  0x000001923e730f30 JavaThread "File Watcher" daemon [_thread_blocked, id=19028, stack(0x00000001b5700000,0x00000001b5800000)]
  0x000001923e72f720 JavaThread "Live Reload Server" daemon [_thread_in_native, id=7232, stack(0x00000001b5900000,0x00000001b5a00000)]
=>0x000001923e72da40 JavaThread "http-nio-8080-exec-1" daemon [_thread_in_vm, id=10688, stack(0x00000001b5800000,0x00000001b5900000)]
  0x000001923e72a080 JavaThread "http-nio-8080-exec-2" daemon [_thread_blocked, id=10040, stack(0x00000001b5a00000,0x00000001b5b00000)]
  0x000001923e72e8b0 JavaThread "http-nio-8080-exec-3" daemon [_thread_blocked, id=7148, stack(0x00000001b5b00000,0x00000001b5c00000)]
  0x000001923e72d0a0 JavaThread "http-nio-8080-exec-4" daemon [_thread_blocked, id=14404, stack(0x00000001b5c00000,0x00000001b5d00000)]
  0x000001923e72d570 JavaThread "http-nio-8080-exec-5" daemon [_thread_blocked, id=19368, stack(0x00000001b5d00000,0x00000001b5e00000)]
  0x000001923e7318d0 JavaThread "http-nio-8080-exec-6" daemon [_thread_blocked, id=5600, stack(0x00000001b5e00000,0x00000001b5f00000)]
  0x000001923e72aa20 JavaThread "http-nio-8080-exec-7" daemon [_thread_blocked, id=12656, stack(0x00000001b5f00000,0x00000001b6000000)]
  0x000001923e72cbd0 JavaThread "http-nio-8080-exec-8" daemon [_thread_blocked, id=11560, stack(0x00000001b6000000,0x00000001b6100000)]
  0x000001923e72fbf0 JavaThread "http-nio-8080-exec-9" daemon [_thread_blocked, id=3568, stack(0x00000001b6100000,0x00000001b6200000)]
  0x000001923e72ed80 JavaThread "http-nio-8080-exec-10" daemon [_thread_blocked, id=15452, stack(0x00000001b6200000,0x00000001b6300000)]
  0x000001923e72df10 JavaThread "http-nio-8080-Poller" daemon [_thread_in_native, id=8724, stack(0x00000001b6300000,0x00000001b6400000)]
  0x000001923e72bd60 JavaThread "http-nio-8080-Acceptor" daemon [_thread_in_native, id=13364, stack(0x00000001b6400000,0x00000001b6500000)]
  0x000001923e72f250 JavaThread "DestroyJavaVM" [_thread_blocked, id=17468, stack(0x00000001b2900000,0x00000001b2a00000)]
  0x000001923e730590 JavaThread "RMI TCP Connection(idle)" daemon [_thread_blocked, id=12992, stack(0x00000001b4100000,0x00000001b4200000)]
  0x000001923e730a60 JavaThread "RMI TCP Connection(idle)" daemon [_thread_blocked, id=12136, stack(0x00000001b4a00000,0x00000001b4b00000)]

Other Threads:
  0x000001923b055d80 VMThread "VM Thread" [stack: 0x00000001b2f00000,0x00000001b3000000] [id=12392]
  0x00000192299e1910 WatcherThread [stack: 0x00000001b3f00000,0x00000001b4000000] [id=20428]
  0x0000019229a1c990 GCTaskThread "GC Thread#0" [stack: 0x00000001b2a00000,0x00000001b2b00000] [id=13368]
  0x000001923c54f0d0 GCTaskThread "GC Thread#1" [stack: 0x00000001b4200000,0x00000001b4300000] [id=11640]
  0x000001923c596190 GCTaskThread "GC Thread#2" [stack: 0x00000001b4300000,0x00000001b4400000] [id=15260]
  0x000001923c598450 GCTaskThread "GC Thread#3" [stack: 0x00000001b4400000,0x00000001b4500000] [id=2280]
  0x000001923c598b10 GCTaskThread "GC Thread#4" [stack: 0x00000001b4500000,0x00000001b4600000] [id=7568]
  0x000001923c598dc0 GCTaskThread "GC Thread#5" [stack: 0x00000001b4600000,0x00000001b4700000] [id=10752]
  0x000001923c599070 GCTaskThread "GC Thread#6" [stack: 0x00000001b4700000,0x00000001b4800000] [id=2016]
  0x000001923c599320 GCTaskThread "GC Thread#7" [stack: 0x00000001b4800000,0x00000001b4900000] [id=5320]
  0x0000019229a2b6d0 ConcurrentGCThread "G1 Main Marker" [stack: 0x00000001b2b00000,0x00000001b2c00000] [id=11308]
  0x0000019229a2c880 ConcurrentGCThread "G1 Conc#0" [stack: 0x00000001b2c00000,0x00000001b2d00000] [id=12936]
  0x000001923dfa1310 ConcurrentGCThread "G1 Conc#1" [stack: 0x00000001b4e00000,0x00000001b4f00000] [id=17660]
  0x0000019229a9eaf0 ConcurrentGCThread "G1 Refine#0" [stack: 0x00000001b2d00000,0x00000001b2e00000] [id=6704]
  0x000001923c396cd0 ConcurrentGCThread "G1 Refine#1" [stack: 0x00000001b4900000,0x00000001b4a00000] [id=12496]
  0x000001923af14a30 ConcurrentGCThread "G1 Service" [stack: 0x00000001b2e00000,0x00000001b2f00000] [id=12516]

Threads with active compile tasks:

VM state: not at safepoint (normal execution)

VM Mutex/Monitor currently owned by a thread:  ([mutex/lock_event])
[0x00000192299dc360] Metaspace_lock - owner thread: 0x000001923e72da40

Heap address: 0x0000000091000000, size: 1776 MB, Compressed Oops mode: 32-bit

CDS archive(s) mapped at: [0x0000000800000000-0x0000000800bc0000-0x0000000800bc0000), size 12320768, SharedBaseAddress: 0x0000000800000000, ArchiveRelocationMode: 0.
Compressed class space mapped at: 0x0000000800c00000-0x0000000840c00000, reserved size: 1073741824
Narrow klass base: 0x0000000800000000, Narrow klass shift: 0, Narrow klass range: 0x100000000

GC Precious Log:
 CPUs: 8 total, 8 available
 Memory: 7103M
 Large Page Support: Disabled
 NUMA Support: Disabled
 Compressed Oops: Enabled (32-bit)
 Heap Region Size: 1M
 Heap Min Capacity: 8M
 Heap Initial Capacity: 112M
 Heap Max Capacity: 1776M
 Pre-touch: Disabled
 Parallel Workers: 8
 Concurrent Workers: 2
 Concurrent Refinement Workers: 8
 Periodic GC: Disabled

Heap:
 garbage-first heap   total 61440K, used 35259K [0x0000000091000000, 0x0000000100000000)
  region size 1024K, 12 young (12288K), 4 survivors (4096K)
 Metaspace       used 51892K, committed 52288K, reserved 1097728K
  class space    used 7034K, committed 7232K, reserved 1048576K

Heap Regions: E=young(eden), S=young(survivor), O=old, HS=humongous(starts), HC=humongous(continues), CS=collection set, F=free, OA=open archive, CA=closed archive, TAMS=top-at-mark-start (previous, next)
|   0|0x0000000091000000, 0x0000000091100000, 0x0000000091100000|100%|HS|  |TAMS 0x0000000091100000, 0x0000000091000000| Complete 
|   1|0x0000000091100000, 0x0000000091200000, 0x0000000091200000|100%| O|  |TAMS 0x0000000091200000, 0x0000000091100000| Untracked 
|   2|0x0000000091200000, 0x0000000091300000, 0x0000000091300000|100%| O|  |TAMS 0x0000000091300000, 0x0000000091200000| Untracked 
|   3|0x0000000091300000, 0x0000000091400000, 0x0000000091400000|100%| O|  |TAMS 0x0000000091400000, 0x0000000091300000| Untracked 
|   4|0x0000000091400000, 0x0000000091500000, 0x0000000091500000|100%| O|  |TAMS 0x0000000091500000, 0x0000000091400000| Untracked 
|   5|0x0000000091500000, 0x0000000091600000, 0x0000000091600000|100%| O|  |TAMS 0x0000000091600000, 0x0000000091500000| Untracked 
|   6|0x0000000091600000, 0x0000000091700000, 0x0000000091700000|100%| O|  |TAMS 0x0000000091700000, 0x0000000091600000| Untracked 
|   7|0x0000000091700000, 0x0000000091800000, 0x0000000091800000|100%| O|  |TAMS 0x0000000091800000, 0x0000000091700000| Untracked 
|   8|0x0000000091800000, 0x00000000918e4400, 0x0000000091900000| 89%| O|  |TAMS 0x00000000918e4400, 0x0000000091800000| Untracked 
|   9|0x0000000091900000, 0x0000000091a00000, 0x0000000091a00000|100%| O|  |TAMS 0x0000000091a00000, 0x0000000091900000| Untracked 
|  10|0x0000000091a00000, 0x0000000091b00000, 0x0000000091b00000|100%| O|  |TAMS 0x0000000091b00000, 0x0000000091a00000| Untracked 
|  11|0x0000000091b00000, 0x0000000091c00000, 0x0000000091c00000|100%| O|  |TAMS 0x0000000091c00000, 0x0000000091b00000| Untracked 
|  12|0x0000000091c00000, 0x0000000091d00000, 0x0000000091d00000|100%| O|  |TAMS 0x0000000091d00000, 0x0000000091c00000| Untracked 
|  13|0x0000000091d00000, 0x0000000091e00000, 0x0000000091e00000|100%| O|  |TAMS 0x0000000091e00000, 0x0000000091d00000| Untracked 
|  14|0x0000000091e00000, 0x0000000091f00000, 0x0000000091f00000|100%| O|  |TAMS 0x0000000091f00000, 0x0000000091e00000| Untracked 
|  15|0x0000000091f00000, 0x0000000092000000, 0x0000000092000000|100%| O|  |TAMS 0x0000000092000000, 0x0000000091f00000| Untracked 
|  16|0x0000000092000000, 0x0000000092100000, 0x0000000092100000|100%| O|  |TAMS 0x0000000092100000, 0x0000000092000000| Untracked 
|  17|0x0000000092100000, 0x0000000092200000, 0x0000000092200000|100%| O|  |TAMS 0x00000000921e3a00, 0x0000000092100000| Untracked 
|  18|0x0000000092200000, 0x0000000092300000, 0x0000000092300000|100%|HS|  |TAMS 0x0000000092300000, 0x0000000092200000| Complete 
|  19|0x0000000092300000, 0x0000000092400000, 0x0000000092400000|100%|HC|  |TAMS 0x0000000092400000, 0x0000000092300000| Complete 
|  20|0x0000000092400000, 0x0000000092500000, 0x0000000092500000|100%| O|  |TAMS 0x0000000092400000, 0x0000000092400000| Untracked 
|  21|0x0000000092500000, 0x0000000092600000, 0x0000000092600000|100%| O|  |TAMS 0x0000000092500000, 0x0000000092500000| Untracked 
|  22|0x0000000092600000, 0x0000000092700000, 0x0000000092700000|100%| O|  |TAMS 0x0000000092600000, 0x0000000092600000| Untracked 
|  23|0x0000000092700000, 0x00000000927f0600, 0x0000000092800000| 93%| O|  |TAMS 0x0000000092700000, 0x0000000092700000| Untracked 
|  24|0x0000000092800000, 0x0000000092800000, 0x0000000092900000|  0%| F|  |TAMS 0x0000000092800000, 0x0000000092800000| Untracked 
|  25|0x0000000092900000, 0x0000000092900000, 0x0000000092a00000|  0%| F|  |TAMS 0x0000000092900000, 0x0000000092900000| Untracked 
|  26|0x0000000092a00000, 0x0000000092a00000, 0x0000000092b00000|  0%| F|  |TAMS 0x0000000092a00000, 0x0000000092a00000| Untracked 
|  27|0x0000000092b00000, 0x0000000092b00000, 0x0000000092c00000|  0%| F|  |TAMS 0x0000000092b00000, 0x0000000092b00000| Untracked 
|  28|0x0000000092c00000, 0x0000000092c00000, 0x0000000092d00000|  0%| F|  |TAMS 0x0000000092c00000, 0x0000000092c00000| Untracked 
|  29|0x0000000092d00000, 0x0000000092d00000, 0x0000000092e00000|  0%| F|  |TAMS 0x0000000092d00000, 0x0000000092d00000| Untracked 
|  30|0x0000000092e00000, 0x0000000092e00000, 0x0000000092f00000|  0%| F|  |TAMS 0x0000000092e00000, 0x0000000092e00000| Untracked 
|  31|0x0000000092f00000, 0x0000000092f9a240, 0x0000000093000000| 60%| S|CS|TAMS 0x0000000092f00000, 0x0000000092f00000| Complete 
|  32|0x0000000093000000, 0x0000000093100000, 0x0000000093100000|100%| S|CS|TAMS 0x0000000093000000, 0x0000000093000000| Complete 
|  33|0x0000000093100000, 0x0000000093100000, 0x0000000093200000|  0%| F|  |TAMS 0x0000000093100000, 0x0000000093100000| Untracked 
|  34|0x0000000093200000, 0x0000000093200000, 0x0000000093300000|  0%| F|  |TAMS 0x0000000093200000, 0x0000000093200000| Untracked 
|  35|0x0000000093300000, 0x0000000093300000, 0x0000000093400000|  0%| F|  |TAMS 0x0000000093300000, 0x0000000093300000| Untracked 
|  36|0x0000000093400000, 0x0000000093500000, 0x0000000093500000|100%| S|CS|TAMS 0x0000000093400000, 0x0000000093400000| Complete 
|  37|0x0000000093500000, 0x0000000093600000, 0x0000000093600000|100%| S|CS|TAMS 0x0000000093500000, 0x0000000093500000| Complete 
|  38|0x0000000093600000, 0x0000000093600000, 0x0000000093700000|  0%| F|  |TAMS 0x0000000093600000, 0x0000000093600000| Untracked 
|  39|0x0000000093700000, 0x0000000093700000, 0x0000000093800000|  0%| F|  |TAMS 0x0000000093700000, 0x0000000093700000| Untracked 
|  40|0x0000000093800000, 0x0000000093800000, 0x0000000093900000|  0%| F|  |TAMS 0x0000000093800000, 0x0000000093800000| Untracked 
|  41|0x0000000093900000, 0x0000000093900000, 0x0000000093a00000|  0%| F|  |TAMS 0x0000000093900000, 0x0000000093900000| Untracked 
|  42|0x0000000093a00000, 0x0000000093a00000, 0x0000000093b00000|  0%| F|  |TAMS 0x0000000093a00000, 0x0000000093a00000| Untracked 
|  43|0x0000000093b00000, 0x0000000093b00000, 0x0000000093c00000|  0%| F|  |TAMS 0x0000000093b00000, 0x0000000093b00000| Untracked 
|  44|0x0000000093c00000, 0x0000000093c00000, 0x0000000093d00000|  0%| F|  |TAMS 0x0000000093c00000, 0x0000000093c00000| Untracked 
|  45|0x0000000093d00000, 0x0000000093d00000, 0x0000000093e00000|  0%| F|  |TAMS 0x0000000093d00000, 0x0000000093d00000| Untracked 
|  46|0x0000000093e00000, 0x0000000093e00000, 0x0000000093f00000|  0%| F|  |TAMS 0x0000000093e00000, 0x0000000093e00000| Untracked 
|  47|0x0000000093f00000, 0x0000000093f00000, 0x0000000094000000|  0%| F|  |TAMS 0x0000000093f00000, 0x0000000093f00000| Untracked 
|  48|0x0000000094000000, 0x0000000094000000, 0x0000000094100000|  0%| F|  |TAMS 0x0000000094000000, 0x0000000094000000| Untracked 
|  49|0x0000000094100000, 0x0000000094100000, 0x0000000094200000|  0%| F|  |TAMS 0x0000000094100000, 0x0000000094100000| Untracked 
|  50|0x0000000094200000, 0x0000000094200000, 0x0000000094300000|  0%| F|  |TAMS 0x0000000094200000, 0x0000000094200000| Untracked 
|  51|0x0000000094300000, 0x0000000094300000, 0x0000000094400000|  0%| F|  |TAMS 0x0000000094300000, 0x0000000094300000| Untracked 
|  52|0x0000000094400000, 0x0000000094443c40, 0x0000000094500000| 26%| E|  |TAMS 0x0000000094400000, 0x0000000094400000| Complete 
|  53|0x0000000094500000, 0x0000000094600000, 0x0000000094600000|100%| E|CS|TAMS 0x0000000094500000, 0x0000000094500000| Complete 
|  86|0x0000000096600000, 0x0000000096700000, 0x0000000096700000|100%| E|CS|TAMS 0x0000000096600000, 0x0000000096600000| Complete 
|  87|0x0000000096700000, 0x0000000096800000, 0x0000000096800000|100%| E|CS|TAMS 0x0000000096700000, 0x0000000096700000| Complete 
|  88|0x0000000096800000, 0x0000000096900000, 0x0000000096900000|100%| E|CS|TAMS 0x0000000096800000, 0x0000000096800000| Complete 
|  89|0x0000000096900000, 0x0000000096a00000, 0x0000000096a00000|100%| E|CS|TAMS 0x0000000096900000, 0x0000000096900000| Complete 
|  90|0x0000000096a00000, 0x0000000096b00000, 0x0000000096b00000|100%| E|CS|TAMS 0x0000000096a00000, 0x0000000096a00000| Complete 
| 111|0x0000000097f00000, 0x0000000098000000, 0x0000000098000000|100%| E|CS|TAMS 0x0000000097f00000, 0x0000000097f00000| Complete 

Card table byte_map: [0x00000192347d0000,0x0000019234b50000] _byte_map_base: 0x0000019234348000

Marking Bits (Prev, Next): (CMBitMap*) 0x0000019229a1cfa0, (CMBitMap*) 0x0000019229a1cfe0
 Prev Bits: [0x0000019234ed0000, 0x0000019236a90000)
 Next Bits: [0x0000019236a90000, 0x0000019238650000)

Polling page: 0x00000192291a0000

Metaspace:

Usage:
  Non-class:     43.81 MB used.
      Class:      6.87 MB used.
       Both:     50.68 MB used.

Virtual space:
  Non-class space:       48.00 MB reserved,      44.00 MB ( 92%) committed,  6 nodes.
      Class space:        1.00 GB reserved,       7.06 MB ( <1%) committed,  1 nodes.
             Both:        1.05 GB reserved,      51.06 MB (  5%) committed. 

Chunk freelists:
   Non-Class:  3.80 MB
       Class:  784.00 KB
        Both:  4.56 MB

MaxMetaspaceSize: unlimited
CompressedClassSpaceSize: 1.00 GB
Initial GC threshold: 21.00 MB
Current GC threshold: 59.00 MB
CDS: on
MetaspaceReclaimPolicy: balanced
 - commit_granule_bytes: 65536.
 - commit_granule_words: 8192.
 - virtual_space_node_default_size: 1048576.
 - enlarge_chunks_in_place: 1.
 - new_chunks_are_fully_committed: 0.
 - uncommit_free_chunks: 1.
 - use_allocation_guard: 0.
 - handle_deallocations: 1.


Internal statistics:

num_allocs_failed_limit: 6.
num_arena_births: 546.
num_arena_deaths: 0.
num_vsnodes_births: 7.
num_vsnodes_deaths: 0.
num_space_committed: 817.
num_space_uncommitted: 0.
num_chunks_returned_to_freelist: 6.
num_chunks_taken_from_freelist: 2438.
num_chunk_merges: 6.
num_chunk_splits: 1715.
num_chunks_enlarged: 1330.
num_purges: 0.
num_inconsistent_stats: 0.

CodeCache: size=49152Kb used=9913Kb max_used=10730Kb free=39238Kb
 bounds [0x0000019231220000, 0x0000019231ca0000, 0x0000019234220000]
 total_blobs=5554 nmethods=4898 adapters=582
 compilation: enabled
              stopped_count=0, restarted_count=0
 full_count=0

Compilation events (20 events):
Event: 10.872 Thread 0x000001923b07add0 4889       1       org.thymeleaf.engine.HTMLAttributeName::forName (159 bytes)
Event: 10.872 Thread 0x000001923bcb9db0 4890       1       org.thymeleaf.engine.HTMLAttributeName::<init> (20 bytes)
Event: 10.873 Thread 0x000001923bcb9db0 nmethod 4890 0x00000192315f8310 code [0x00000192315f84a0, 0x00000192315f8668]
Event: 10.874 Thread 0x000001923b07add0 nmethod 4889 0x00000192315f6c10 code [0x00000192315f6ee0, 0x00000192315f7c58]
Event: 10.882 Thread 0x000001923b07add0 4891       1       org.thymeleaf.engine.AttributeDefinitions::buildHTMLAttributeDefinition (251 bytes)
Event: 10.884 Thread 0x000001923b07add0 nmethod 4891 0x00000192315f5710 code [0x00000192315f5a00, 0x00000192315f6428]
Event: 10.888 Thread 0x000001923b07add0 4892       1       org.thymeleaf.engine.AttributeDefinitions$AttributeDefinitionRepository::binarySearch (83 bytes)
Event: 10.888 Thread 0x000001923b07add0 nmethod 4892 0x00000192315f5190 code [0x00000192315f5360, 0x00000192315f5588]
Event: 10.891 Thread 0x000001923b07add0 4893       1       org.thymeleaf.engine.AttributeDefinitions::forName (149 bytes)
Event: 10.891 Thread 0x000001923bcb9db0 4894       1       org.thymeleaf.engine.AttributeDefinitions::forHTMLName (33 bytes)
Event: 10.891 Thread 0x000001923bcb9db0 nmethod 4894 0x00000192315f4c10 code [0x00000192315f4dc0, 0x00000192315f4fd8]
Event: 10.892 Thread 0x000001923bcb9db0 4896       1       org.thymeleaf.util.ProcessorConfigurationUtils$AbstractProcessorWrapper::setElementDefinitions (24 bytes)
Event: 10.892 Thread 0x000001923bcb9db0 nmethod 4896 0x00000192315f4610 code [0x00000192315f47c0, 0x00000192315f4ac8]
Event: 10.892 Thread 0x000001923bcb9db0 4897       1       org.thymeleaf.util.ProcessorConfigurationUtils$AbstractProcessorWrapper::setAttributeDefinitions (24 bytes)
Event: 10.892 Thread 0x000001923bcb9db0 nmethod 4897 0x00000192315f4210 code [0x00000192315f43c0, 0x00000192315f4588]
Event: 10.892 Thread 0x000001923bcb9db0 4895   !   1       org.thymeleaf.engine.AttributeDefinitions$AttributeDefinitionRepository::getAttribute (161 bytes)
Event: 10.893 Thread 0x000001923bcb9db0 nmethod 4895 0x00000192315f3810 code [0x00000192315f3a60, 0x00000192315f3ed8]
Event: 10.894 Thread 0x000001923b07add0 nmethod 4893 0x00000192315f1910 code [0x00000192315f1cc0, 0x00000192315f2dd8]
Event: 10.897 Thread 0x000001923b07add0 4898       1       java.security.BasicPermission::init (132 bytes)
Event: 10.898 Thread 0x000001923b07add0 nmethod 4898 0x00000192315f0490 code [0x00000192315f0700, 0x00000192315f0ef8]

GC Heap History (20 events):
Event: 3.009 GC heap before
{Heap before GC invocations=3 (full 0):
 garbage-first heap   total 114688K, used 32948K [0x0000000091000000, 0x0000000100000000)
  region size 1024K, 26 young (26624K), 5 survivors (5120K)
 Metaspace       used 21190K, committed 21504K, reserved 1073152K
  class space    used 2873K, committed 3008K, reserved 1048576K
}
Event: 3.015 GC heap after
{Heap after GC invocations=4 (full 0):
 garbage-first heap   total 114688K, used 13998K [0x0000000091000000, 0x0000000100000000)
  region size 1024K, 5 young (5120K), 5 survivors (5120K)
 Metaspace       used 21190K, committed 21504K, reserved 1073152K
  class space    used 2873K, committed 3008K, reserved 1048576K
}
Event: 3.496 GC heap before
{Heap before GC invocations=5 (full 0):
 garbage-first heap   total 51200K, used 38574K [0x0000000091000000, 0x0000000100000000)
  region size 1024K, 30 young (30720K), 5 survivors (5120K)
 Metaspace       used 24413K, committed 24832K, reserved 1073152K
  class space    used 3291K, committed 3456K, reserved 1048576K
}
Event: 3.502 GC heap after
{Heap after GC invocations=6 (full 0):
 garbage-first heap   total 51200K, used 16273K [0x0000000091000000, 0x0000000100000000)
  region size 1024K, 4 young (4096K), 4 survivors (4096K)
 Metaspace       used 24413K, committed 24832K, reserved 1073152K
  class space    used 3291K, committed 3456K, reserved 1048576K
}
Event: 3.894 GC heap before
{Heap before GC invocations=6 (full 0):
 garbage-first heap   total 51200K, used 35729K [0x0000000091000000, 0x0000000100000000)
  region size 1024K, 24 young (24576K), 4 survivors (4096K)
 Metaspace       used 28579K, committed 28928K, reserved 1081344K
  class space    used 3703K, committed 3904K, reserved 1048576K
}
Event: 3.898 GC heap after
{Heap after GC invocations=7 (full 0):
 garbage-first heap   total 51200K, used 18514K [0x0000000091000000, 0x0000000100000000)
  region size 1024K, 3 young (3072K), 3 survivors (3072K)
 Metaspace       used 28579K, committed 28928K, reserved 1081344K
  class space    used 3703K, committed 3904K, reserved 1048576K
}
Event: 4.242 GC heap before
{Heap before GC invocations=7 (full 0):
 garbage-first heap   total 51200K, used 36946K [0x0000000091000000, 0x0000000100000000)
  region size 1024K, 21 young (21504K), 3 survivors (3072K)
 Metaspace       used 32285K, committed 32704K, reserved 1081344K
  class space    used 4245K, committed 4416K, reserved 1048576K
}
Event: 4.245 GC heap after
{Heap after GC invocations=8 (full 0):
 garbage-first heap   total 51200K, used 19148K [0x0000000091000000, 0x0000000100000000)
  region size 1024K, 1 young (1024K), 1 survivors (1024K)
 Metaspace       used 32285K, committed 32704K, reserved 1081344K
  class space    used 4245K, committed 4416K, reserved 1048576K
}
Event: 4.499 GC heap before
{Heap before GC invocations=8 (full 0):
 garbage-first heap   total 51200K, used 35532K [0x0000000091000000, 0x0000000100000000)
  region size 1024K, 17 young (17408K), 1 survivors (1024K)
 Metaspace       used 35672K, committed 35968K, reserved 1081344K
  class space    used 4779K, committed 4928K, reserved 1048576K
}
Event: 4.502 GC heap after
{Heap after GC invocations=9 (full 0):
 garbage-first heap   total 51200K, used 21721K [0x0000000091000000, 0x0000000100000000)
  region size 1024K, 2 young (2048K), 2 survivors (2048K)
 Metaspace       used 35672K, committed 35968K, reserved 1081344K
  class space    used 4779K, committed 4928K, reserved 1048576K
}
Event: 4.809 GC heap before
{Heap before GC invocations=10 (full 0):
 garbage-first heap   total 51200K, used 39129K [0x0000000091000000, 0x0000000100000000)
  region size 1024K, 20 young (20480K), 2 survivors (2048K)
 Metaspace       used 39283K, committed 39680K, reserved 1089536K
  class space    used 5389K, committed 5568K, reserved 1048576K
}
Event: 4.814 GC heap after
{Heap after GC invocations=11 (full 0):
 garbage-first heap   total 51200K, used 22285K [0x0000000091000000, 0x0000000100000000)
  region size 1024K, 2 young (2048K), 2 survivors (2048K)
 Metaspace       used 39283K, committed 39680K, reserved 1089536K
  class space    used 5389K, committed 5568K, reserved 1048576K
}
Event: 5.078 GC heap before
{Heap before GC invocations=11 (full 0):
 garbage-first heap   total 51200K, used 40717K [0x0000000091000000, 0x0000000100000000)
  region size 1024K, 20 young (20480K), 2 survivors (2048K)
 Metaspace       used 42562K, committed 43008K, reserved 1089536K
  class space    used 5767K, committed 5952K, reserved 1048576K
}
Event: 5.081 GC heap after
{Heap after GC invocations=12 (full 0):
 garbage-first heap   total 51200K, used 23624K [0x0000000091000000, 0x0000000100000000)
  region size 1024K, 3 young (3072K), 3 survivors (3072K)
 Metaspace       used 42562K, committed 43008K, reserved 1089536K
  class space    used 5767K, committed 5952K, reserved 1048576K
}
Event: 5.301 GC heap before
{Heap before GC invocations=12 (full 0):
 garbage-first heap   total 51200K, used 40008K [0x0000000091000000, 0x0000000100000000)
  region size 1024K, 20 young (20480K), 3 survivors (3072K)
 Metaspace       used 45258K, committed 45568K, reserved 1089536K
  class space    used 6134K, committed 6272K, reserved 1048576K
}
Event: 5.305 GC heap after
{Heap after GC invocations=13 (full 0):
 garbage-first heap   total 61440K, used 24523K [0x0000000091000000, 0x0000000100000000)
  region size 1024K, 3 young (3072K), 3 survivors (3072K)
 Metaspace       used 45258K, committed 45568K, reserved 1089536K
  class space    used 6134K, committed 6272K, reserved 1048576K
}
Event: 5.658 GC heap before
{Heap before GC invocations=13 (full 0):
 garbage-first heap   total 61440K, used 49099K [0x0000000091000000, 0x0000000100000000)
  region size 1024K, 27 young (27648K), 3 survivors (3072K)
 Metaspace       used 47504K, committed 47872K, reserved 1097728K
  class space    used 6431K, committed 6592K, reserved 1048576K
}
Event: 5.662 GC heap after
{Heap after GC invocations=14 (full 0):
 garbage-first heap   total 61440K, used 26394K [0x0000000091000000, 0x0000000100000000)
  region size 1024K, 3 young (3072K), 3 survivors (3072K)
 Metaspace       used 47504K, committed 47872K, reserved 1097728K
  class space    used 6431K, committed 6592K, reserved 1048576K
}
Event: 10.638 GC heap before
{Heap before GC invocations=14 (full 0):
 garbage-first heap   total 61440K, used 48922K [0x0000000091000000, 0x0000000100000000)
  region size 1024K, 25 young (25600K), 3 survivors (3072K)
 Metaspace       used 50712K, committed 51200K, reserved 1097728K
  class space    used 6858K, committed 7104K, reserved 1048576K
}
Event: 10.642 GC heap after
{Heap after GC invocations=15 (full 0):
 garbage-first heap   total 61440K, used 28091K [0x0000000091000000, 0x0000000100000000)
  region size 1024K, 4 young (4096K), 4 survivors (4096K)
 Metaspace       used 50712K, committed 51200K, reserved 1097728K
  class space    used 6858K, committed 7104K, reserved 1048576K
}

Deoptimization events (20 events):
Event: 10.728 Thread 0x000001923e72da40 DEOPT PACKING pc=0x000001923189a0ac sp=0x00000001b58fcf80
Event: 10.728 Thread 0x000001923e72da40 DEOPT UNPACKING pc=0x0000019231272b43 sp=0x00000001b58fc518 mode 1
Event: 10.728 Thread 0x000001923e72da40 DEOPT PACKING pc=0x000001923167cfdc sp=0x00000001b58fc4e0
Event: 10.728 Thread 0x000001923e72da40 DEOPT UNPACKING pc=0x0000019231272b43 sp=0x00000001b58fb978 mode 1
Event: 10.728 Thread 0x000001923e72da40 DEOPT PACKING pc=0x000001923167a4fc sp=0x00000001b58fc5b0
Event: 10.728 Thread 0x000001923e72da40 DEOPT UNPACKING pc=0x0000019231272b43 sp=0x00000001b58fba68 mode 1
Event: 10.728 Thread 0x000001923e72da40 DEOPT PACKING pc=0x00000192314fd454 sp=0x00000001b58fcf90
Event: 10.728 Thread 0x000001923e72da40 DEOPT UNPACKING pc=0x0000019231272b43 sp=0x00000001b58fc480 mode 1
Event: 10.836 Thread 0x000001923e72da40 DEOPT PACKING pc=0x00000192318863ac sp=0x00000001b58fb7d0
Event: 10.836 Thread 0x000001923e72da40 DEOPT UNPACKING pc=0x0000019231272b43 sp=0x00000001b58fad08 mode 1
Event: 10.837 Thread 0x000001923e72da40 DEOPT PACKING pc=0x00000192318875dc sp=0x00000001b58fb8c0
Event: 10.837 Thread 0x000001923e72da40 DEOPT UNPACKING pc=0x0000019231272b43 sp=0x00000001b58fae58 mode 1
Event: 10.837 Thread 0x000001923e72da40 DEOPT PACKING pc=0x000001923188973c sp=0x00000001b58fba10
Event: 10.837 Thread 0x000001923e72da40 DEOPT UNPACKING pc=0x0000019231272b43 sp=0x00000001b58fafe0 mode 1
Event: 10.845 Thread 0x000001923e72da40 DEOPT PACKING pc=0x00000192318863ac sp=0x00000001b58fab90
Event: 10.845 Thread 0x000001923e72da40 DEOPT UNPACKING pc=0x0000019231272b43 sp=0x00000001b58fa0c8 mode 1
Event: 10.845 Thread 0x000001923e72da40 DEOPT PACKING pc=0x00000192318875dc sp=0x00000001b58fac80
Event: 10.845 Thread 0x000001923e72da40 DEOPT UNPACKING pc=0x0000019231272b43 sp=0x00000001b58fa218 mode 1
Event: 10.845 Thread 0x000001923e72da40 DEOPT PACKING pc=0x000001923188973c sp=0x00000001b58fadd0
Event: 10.845 Thread 0x000001923e72da40 DEOPT UNPACKING pc=0x0000019231272b43 sp=0x00000001b58fa3a0 mode 1

Classes unloaded (0 events):
No events

Classes redefined (0 events):
No events

Internal exceptions (20 events):
Event: 5.410 Thread 0x000001923c5a9380 Exception <a 'java/lang/ClassNotFoundException'{0x00000000943825a8}: org/springframework/web/servlet/config/annotation/WebMvcConfigurationSupportCustomizer> (0x00000000943825a8) 
thrown [t:\workspace\open\src\hotspot\share\classfile\systemDictionary.cpp, line 256]
Event: 5.411 Thread 0x000001923c5a9380 Exception <a 'java/lang/ClassNotFoundException'{0x0000000094397b60}: org/springframework/web/servlet/config/annotation/DelegatingWebMvcConfigurationCustomizer> (0x0000000094397b60) 
thrown [t:\workspace\open\src\hotspot\share\classfile\systemDictionary.cpp, line 256]
Event: 5.411 Thread 0x000001923c5a9380 Exception <a 'java/lang/ClassNotFoundException'{0x00000000943a24e0}: org/springframework/boot/autoconfigure/web/servlet/WebMvcAutoConfiguration$EnableWebMvcConfigurationCustomizer> (0x00000000943a24e0) 
thrown [t:\workspace\open\src\hotspot\share\classfile\systemDictionary.cpp, line 256]
Event: 5.412 Thread 0x000001923c5a9380 Exception <a 'java/lang/ClassNotFoundException'{0x00000000943b5860}: org/springframework/context/ResourceLoaderAwareCustomizer> (0x00000000943b5860) 
thrown [t:\workspace\open\src\hotspot\share\classfile\systemDictionary.cpp, line 256]
Event: 5.413 Thread 0x000001923c5a9380 Exception <a 'java/lang/ClassNotFoundException'{0x00000000943bb8c0}: org/springframework/beans/factory/AwareCustomizer> (0x00000000943bb8c0) 
thrown [t:\workspace\open\src\hotspot\share\classfile\systemDictionary.cpp, line 256]
Event: 5.413 Thread 0x000001923c5a9380 Exception <a 'java/lang/ClassNotFoundException'{0x00000000943c0df8}: org/springframework/context/ApplicationContextAwareCustomizer> (0x00000000943c0df8) 
thrown [t:\workspace\open\src\hotspot\share\classfile\systemDictionary.cpp, line 256]
Event: 5.414 Thread 0x000001923c5a9380 Exception <a 'java/lang/ClassNotFoundException'{0x00000000943c7948}: org/springframework/beans/factory/AwareCustomizer> (0x00000000943c7948) 
thrown [t:\workspace\open\src\hotspot\share\classfile\systemDictionary.cpp, line 256]
Event: 5.414 Thread 0x000001923c5a9380 Exception <a 'java/lang/ClassNotFoundException'{0x00000000943cce58}: org/springframework/web/context/ServletContextAwareCustomizer> (0x00000000943cce58) 
thrown [t:\workspace\open\src\hotspot\share\classfile\systemDictionary.cpp, line 256]
Event: 5.415 Thread 0x000001923c5a9380 Exception <a 'java/lang/ClassNotFoundException'{0x00000000943d32f0}: org/springframework/beans/factory/AwareCustomizer> (0x00000000943d32f0) 
thrown [t:\workspace\open\src\hotspot\share\classfile\systemDictionary.cpp, line 256]
Event: 5.532 Thread 0x000001923c5a9380 Exception <a 'java/lang/NoSuchMethodError'{0x0000000093b70708}: 'void java.lang.invoke.DirectMethodHandle$Holder.invokeVirtual(java.lang.Object, java.lang.Object, int)'> (0x0000000093b70708) 
thrown [t:\workspace\open\src\hotspot\share\interpreter\linkResolver.cpp, line 766]
Event: 5.534 Thread 0x000001923c5a9380 Exception <a 'java/lang/NoSuchMethodError'{0x0000000093b8ad20}: 'void java.lang.invoke.DirectMethodHandle$Holder.invokeVirtual(java.lang.Object, java.lang.Object, long)'> (0x0000000093b8ad20) 
thrown [t:\workspace\open\src\hotspot\share\interpreter\linkResolver.cpp, line 766]
Event: 5.631 Thread 0x000001923c5a9380 Exception <a 'java/lang/IncompatibleClassChangeError'{0x00000000935915d0}: Found class java.lang.Object, but interface was expected> (0x00000000935915d0) 
thrown [t:\workspace\open\src\hotspot\share\interpreter\linkResolver.cpp, line 833]
Event: 5.665 Thread 0x000001923c5a9380 Exception <a 'java/lang/NoSuchMethodError'{0x0000000097f08398}: 'int java.lang.invoke.DirectMethodHandle$Holder.invokeStaticInit(java.lang.Object, java.lang.Object, java.lang.Object, java.lang.Object)'> (0x0000000097f08398) 
thrown [t:\workspace\open\src\hotspot\share\interpreter\linkResolver.cpp, line 766]
Event: 5.810 Thread 0x000001923c5a9380 Exception <a 'java/lang/NoSuchMethodError'{0x00000000943d8528}: 'java.lang.Object java.lang.invoke.DirectMethodHandle$Holder.invokeSpecial(java.lang.Object, java.lang.Object, int, java.lang.Object, int, java.lang.Object)'> (0x00000000943d8528) 
thrown [t:\workspace\open\src\hotspot\share\interpreter\linkResolver.cpp, line 766]
Event: 5.811 Thread 0x000001923c5a9380 Exception <a 'java/lang/NoSuchMethodError'{0x00000000943e4a08}: 'java.lang.Object java.lang.invoke.DirectMethodHandle$Holder.newInvokeSpecial(java.lang.Object, java.lang.Object, int, java.lang.Object, int)'> (0x00000000943e4a08) 
thrown [t:\workspace\open\src\hotspot\share\interpreter\linkResolver.cpp, line 766]
Event: 5.811 Thread 0x000001923c5a9380 Exception <a 'java/lang/NoSuchMethodError'{0x00000000943e8b08}: 'java.lang.Object java.lang.invoke.DirectMethodHandle$Holder.invokeSpecial(java.lang.Object, java.lang.Object, java.lang.Object, int, java.lang.Object, int)'> (0x00000000943e8b08) 
thrown [t:\workspace\open\src\hotspot\share\interpreter\linkResolver.cpp, line 766]
Event: 5.813 Thread 0x000001923c5a9380 Exception <a 'java/lang/NoSuchMethodError'{0x00000000943f4190}: 'void java.lang.invoke.DirectMethodHandle$Holder.invokeVirtual(java.lang.Object, java.lang.Object)'> (0x00000000943f4190) 
thrown [t:\workspace\open\src\hotspot\share\interpreter\linkResolver.cpp, line 766]
Event: 5.887 Thread 0x000001923c5a9380 Exception <a 'java/lang/ClassNotFoundException'{0x0000000093f0a3c0}: java/lang/ObjectCustomizer> (0x0000000093f0a3c0) 
thrown [t:\workspace\open\src\hotspot\share\classfile\systemDictionary.cpp, line 256]
Event: 5.888 Thread 0x000001923c5a9380 Exception <a 'java/lang/ClassNotFoundException'{0x0000000093f149d8}: com/example/room_booking_system/entity/RoomsBookingsCustomizer> (0x0000000093f149d8) 
thrown [t:\workspace\open\src\hotspot\share\classfile\systemDictionary.cpp, line 256]
Event: 5.926 Thread 0x000001923c5a9380 Exception <a 'java/lang/NoSuchMethodError'{0x0000000093d5dce8}: 'java.lang.Object java.lang.invoke.DirectMethodHandle$Holder.invokeStaticInit(java.lang.Object, java.lang.Object, java.lang.Object, java.lang.Object, java.lang.Object, java.lang.Object)'> (0x0000000093d5dce8) 
thrown [t:\workspace\open\src\hotspot\share\interpreter\linkResolver.cpp, line 766]

VM Operations (20 events):
Event: 5.663 Executing VM operation: Cleanup
Event: 5.664 Executing VM operation: Cleanup done
Event: 5.859 Executing VM operation: HandshakeAllThreads
Event: 5.859 Executing VM operation: HandshakeAllThreads done
Event: 6.859 Executing VM operation: Cleanup
Event: 6.860 Executing VM operation: Cleanup done
Event: 10.574 Executing VM operation: HandshakeAllThreads
Event: 10.574 Executing VM operation: HandshakeAllThreads done
Event: 10.574 Executing VM operation: Cleanup
Event: 10.574 Executing VM operation: Cleanup done
Event: 10.604 Executing VM operation: HandshakeAllThreads
Event: 10.604 Executing VM operation: HandshakeAllThreads done
Event: 10.637 Executing VM operation: G1CollectForAllocation
Event: 10.642 Executing VM operation: G1CollectForAllocation done
Event: 10.643 Executing VM operation: Cleanup
Event: 10.644 Executing VM operation: Cleanup done
Event: 10.644 Executing VM operation: HandshakeAllThreads
Event: 10.644 Executing VM operation: HandshakeAllThreads done
Event: 10.718 Executing VM operation: HandshakeAllThreads
Event: 10.718 Executing VM operation: HandshakeAllThreads done

Events (20 events):
Event: 10.900 loading class org/attoparser/MarkupParser
Event: 10.900 loading class org/attoparser/MarkupParser done
Event: 10.901 loading class org/attoparser/IMarkupParser
Event: 10.901 loading class org/attoparser/IMarkupParser done
Event: 10.901 loading class org/attoparser/MarkupParser$BufferPool
Event: 10.901 loading class org/attoparser/MarkupParser$BufferPool done
Event: 10.902 loading class org/thymeleaf/templateparser/markup/XMLTemplateParser
Event: 10.902 loading class org/thymeleaf/templateparser/markup/XMLTemplateParser done
Event: 10.902 loading class org/thymeleaf/templateparser/text/TextTemplateParser
Event: 10.902 loading class org/thymeleaf/templateparser/text/TextTemplateParser done
Event: 10.903 loading class org/thymeleaf/templateparser/text/AbstractTextTemplateParser
Event: 10.903 loading class org/thymeleaf/templateparser/text/AbstractTextTemplateParser done
Event: 10.903 loading class org/thymeleaf/templateparser/text/TextParser
Event: 10.903 loading class org/thymeleaf/templateparser/text/TextParser done
Event: 10.904 loading class org/thymeleaf/templateparser/text/TextParser$BufferPool
Event: 10.904 loading class org/thymeleaf/templateparser/text/TextParser$BufferPool done
Event: 10.905 loading class org/thymeleaf/templateparser/text/JavaScriptTemplateParser
Event: 10.905 loading class org/thymeleaf/templateparser/text/JavaScriptTemplateParser done
Event: 10.905 loading class org/thymeleaf/templateparser/text/CSSTemplateParser
Event: 10.905 loading class org/thymeleaf/templateparser/text/CSSTemplateParser done


Dynamic libraries:
0x00007ff7835e0000 - 0x00007ff7835f0000 	C:\Program Files\Java\jdk-17.0.2\bin\java.exe
0x00007ffa3b830000 - 0x00007ffa3ba47000 	C:\WINDOWS\SYSTEM32\ntdll.dll
0x00007ffa3a800000 - 0x00007ffa3a8c4000 	C:\WINDOWS\System32\KERNEL32.DLL
0x00007ffa38b40000 - 0x00007ffa38ef7000 	C:\WINDOWS\System32\KERNELBASE.dll
0x00007ffa393a0000 - 0x00007ffa394b1000 	C:\WINDOWS\System32\ucrtbase.dll
0x00007ffa26790000 - 0x00007ffa267a8000 	C:\Program Files\Java\jdk-17.0.2\bin\jli.dll
0x00007ffa267b0000 - 0x00007ffa267ca000 	C:\Program Files\Java\jdk-17.0.2\bin\VCRUNTIME140.dll
0x00007ffa39f60000 - 0x00007ffa3a012000 	C:\WINDOWS\System32\ADVAPI32.dll
0x00007ffa3b530000 - 0x00007ffa3b5d7000 	C:\WINDOWS\System32\msvcrt.dll
0x00007ffa3adb0000 - 0x00007ffa3ae58000 	C:\WINDOWS\System32\sechost.dll
0x00007ffa39370000 - 0x00007ffa39398000 	C:\WINDOWS\System32\bcrypt.dll
0x00007ffa3a350000 - 0x00007ffa3a464000 	C:\WINDOWS\System32\RPCRT4.dll
0x00007ffa3aa50000 - 0x00007ffa3abff000 	C:\WINDOWS\System32\USER32.dll
0x00007ffa394c0000 - 0x00007ffa394e6000 	C:\WINDOWS\System32\win32u.dll
0x00007ffa27c00000 - 0x00007ffa27e93000 	C:\WINDOWS\WinSxS\amd64_microsoft.windows.common-controls_6595b64144ccf1df_6.0.22621.3672_none_2713b9d173822955\COMCTL32.dll
0x00007ffa3b5e0000 - 0x00007ffa3b609000 	C:\WINDOWS\System32\GDI32.dll
0x00007ffa38fa0000 - 0x00007ffa390b8000 	C:\WINDOWS\System32\gdi32full.dll
0x00007ffa38f00000 - 0x00007ffa38f9a000 	C:\WINDOWS\System32\msvcp_win.dll
0x00007ffa317f0000 - 0x00007ffa317fa000 	C:\WINDOWS\SYSTEM32\VERSION.dll
0x00007ffa3b610000 - 0x00007ffa3b641000 	C:\WINDOWS\System32\IMM32.DLL
0x00007ffa34db0000 - 0x00007ffa34dbc000 	C:\Program Files\Java\jdk-17.0.2\bin\vcruntime140_1.dll
0x00007ffa23cb0000 - 0x00007ffa23d3d000 	C:\Program Files\Java\jdk-17.0.2\bin\msvcp140.dll
0x00007ffa00990000 - 0x00007ffa01551000 	C:\Program Files\Java\jdk-17.0.2\bin\server\jvm.dll
0x00007ffa39560000 - 0x00007ffa39568000 	C:\WINDOWS\System32\PSAPI.DLL
0x00007ffa342a0000 - 0x00007ffa342d4000 	C:\WINDOWS\SYSTEM32\WINMM.dll
0x00007ffa23570000 - 0x00007ffa23579000 	C:\WINDOWS\SYSTEM32\WSOCK32.dll
0x00007ffa3a8d0000 - 0x00007ffa3a941000 	C:\WINDOWS\System32\WS2_32.dll
0x00007ffa37b60000 - 0x00007ffa37b78000 	C:\WINDOWS\SYSTEM32\kernel.appcore.dll
0x00007ffa31090000 - 0x00007ffa3109a000 	C:\Program Files\Java\jdk-17.0.2\bin\jimage.dll
0x00007ffa36380000 - 0x00007ffa365b2000 	C:\WINDOWS\SYSTEM32\DBGHELP.DLL
0x00007ffa3a470000 - 0x00007ffa3a7fe000 	C:\WINDOWS\System32\combase.dll
0x00007ffa3b450000 - 0x00007ffa3b527000 	C:\WINDOWS\System32\OLEAUT32.dll
0x00007ffa21990000 - 0x00007ffa219c2000 	C:\WINDOWS\SYSTEM32\dbgcore.DLL
0x00007ffa39230000 - 0x00007ffa392ab000 	C:\WINDOWS\System32\bcryptPrimitives.dll
0x00007ff9f5740000 - 0x00007ff9f577b000 	C:\Program Files\Java\jdk-17.0.2\bin\jdwp.dll
0x00007ffa34580000 - 0x00007ffa3458e000 	C:\Program Files\Java\jdk-17.0.2\bin\instrument.dll
0x00007ffa26760000 - 0x00007ffa26785000 	C:\Program Files\Java\jdk-17.0.2\bin\java.dll
0x00007ffa26580000 - 0x00007ffa26598000 	C:\Program Files\Java\jdk-17.0.2\bin\zip.dll
0x00007ffa03d90000 - 0x00007ffa03e66000 	C:\Program Files\Java\jdk-17.0.2\bin\jsvml.dll
0x00007ffa396f0000 - 0x00007ffa39f59000 	C:\WINDOWS\System32\SHELL32.dll
0x00007ffa36a60000 - 0x00007ffa3735f000 	C:\WINDOWS\SYSTEM32\windows.storage.dll
0x00007ffa36920000 - 0x00007ffa36a5f000 	C:\WINDOWS\SYSTEM32\wintypes.dll
0x00007ffa3a950000 - 0x00007ffa3aa49000 	C:\WINDOWS\System32\SHCORE.dll
0x00007ffa39680000 - 0x00007ffa396de000 	C:\WINDOWS\System32\shlwapi.dll
0x00007ffa38a70000 - 0x00007ffa38a97000 	C:\WINDOWS\SYSTEM32\profapi.dll
0x00007ffa337a0000 - 0x00007ffa337ac000 	C:\Program Files\Java\jdk-17.0.2\bin\dt_socket.dll
0x00007ffa375c0000 - 0x00007ffa375ed000 	C:\WINDOWS\SYSTEM32\IPHLPAPI.DLL
0x00007ffa37fe0000 - 0x00007ffa38049000 	C:\WINDOWS\system32\mswsock.dll
0x00007ffa26740000 - 0x00007ffa26759000 	C:\Program Files\Java\jdk-17.0.2\bin\net.dll
0x00007ffa340b0000 - 0x00007ffa341e6000 	C:\WINDOWS\SYSTEM32\WINHTTP.dll
0x00007ffa26720000 - 0x00007ffa26736000 	C:\Program Files\Java\jdk-17.0.2\bin\nio.dll
0x00007ffa37630000 - 0x00007ffa37732000 	C:\WINDOWS\SYSTEM32\DNSAPI.dll
0x00007ffa3a340000 - 0x00007ffa3a349000 	C:\WINDOWS\System32\NSI.dll
0x00007ffa258b0000 - 0x00007ffa258ba000 	C:\Windows\System32\rasadhlp.dll
0x00007ffa338f0000 - 0x00007ffa33973000 	C:\WINDOWS\System32\fwpuclnt.dll
0x00007ffa2f6d0000 - 0x00007ffa2f6d9000 	C:\Program Files\Java\jdk-17.0.2\bin\management.dll
0x00007ffa2f6c0000 - 0x00007ffa2f6cb000 	C:\Program Files\Java\jdk-17.0.2\bin\management_ext.dll
0x00007ffa38250000 - 0x00007ffa3826b000 	C:\WINDOWS\SYSTEM32\CRYPTSP.dll
0x00007ffa37ac0000 - 0x00007ffa37af5000 	C:\WINDOWS\system32\rsaenh.dll
0x00007ffa380f0000 - 0x00007ffa38118000 	C:\WINDOWS\SYSTEM32\USERENV.dll
0x00007ffa38270000 - 0x00007ffa3827c000 	C:\WINDOWS\SYSTEM32\CRYPTBASE.dll
0x00007ffa33ef0000 - 0x00007ffa33f09000 	C:\WINDOWS\SYSTEM32\dhcpcsvc6.DLL
0x00007ffa33ed0000 - 0x00007ffa33eef000 	C:\WINDOWS\SYSTEM32\dhcpcsvc.DLL
0x00007ffa16830000 - 0x00007ffa16847000 	C:\WINDOWS\system32\napinsp.dll
0x00007ffa16850000 - 0x00007ffa1686b000 	C:\WINDOWS\system32\pnrpnsp.dll
0x00007ffa16870000 - 0x00007ffa16881000 	C:\WINDOWS\System32\winrnr.dll
0x00007ffa16370000 - 0x00007ffa16385000 	C:\WINDOWS\system32\wshbth.dll
0x00007ffa16890000 - 0x00007ffa168b7000 	C:\WINDOWS\system32\nlansp_c.dll
0x00007ffa29870000 - 0x00007ffa2987e000 	C:\Program Files\Java\jdk-17.0.2\bin\sunmscapi.dll
0x00007ffa390c0000 - 0x00007ffa39226000 	C:\WINDOWS\System32\CRYPT32.dll
0x00007ffa38410000 - 0x00007ffa3843d000 	C:\WINDOWS\SYSTEM32\ncrypt.dll
0x00007ffa383d0000 - 0x00007ffa38407000 	C:\WINDOWS\SYSTEM32\NTASN1.dll
0x00007ffa34df0000 - 0x00007ffa34df8000 	C:\WINDOWS\system32\wshunix.dll

dbghelp: loaded successfully - version: 4.0.5 - missing functions: none
symbol engine: initialized successfully - sym options: 0x614 - pdb path: .;C:\Program Files\Java\jdk-17.0.2\bin;C:\WINDOWS\SYSTEM32;C:\WINDOWS\WinSxS\amd64_microsoft.windows.common-controls_6595b64144ccf1df_6.0.22621.3672_none_2713b9d173822955;C:\Program Files\Java\jdk-17.0.2\bin\server

VM Arguments:
jvm_args: -agentlib:jdwp=transport=dt_socket,address=127.0.0.1:62707,suspend=y,server=n -XX:TieredStopAtLevel=1 -Xverify:none -Dspring.output.ansi.enabled=always -javaagent:C:\Users\thana\AppData\Local\JetBrains\IntelliJIdea2021.3\captureAgent\debugger-agent.jar -Dcom.sun.management.jmxremote -Dspring.jmx.enabled=true -Dspring.liveBeansView.mbeanDomain -Dspring.application.admin.enabled=true -Dfile.encoding=UTF-8 
java_command: com.example.room_booking_system.RoomBookingSystemApplication
java_class_path (initial): D:\Intellij projects\Room Booking System\target\classes;C:\Users\thana\.m2\repository\com\h2database\h2\2.3.232\h2-2.3.232.jar;C:\Users\thana\.m2\repository\org\springframework\boot\spring-boot-starter-thymeleaf\2.7.3\spring-boot-starter-thymeleaf-2.7.3.jar;C:\Users\thana\.m2\repository\org\springframework\boot\spring-boot-starter\2.7.3\spring-boot-starter-2.7.3.jar;C:\Users\thana\.m2\repository\org\springframework\boot\spring-boot-starter-logging\2.7.3\spring-boot-starter-logging-2.7.3.jar;C:\Users\thana\.m2\repository\ch\qos\logback\logback-classic\1.2.11\logback-classic-1.2.11.jar;C:\Users\thana\.m2\repository\ch\qos\logback\logback-core\1.2.11\logback-core-1.2.11.jar;C:\Users\thana\.m2\repository\org\apache\logging\log4j\log4j-to-slf4j\2.17.2\log4j-to-slf4j-2.17.2.jar;C:\Users\thana\.m2\repository\org\apache\logging\log4j\log4j-api\2.17.2\log4j-api-2.17.2.jar;C:\Users\thana\.m2\repository\org\slf4j\jul-to-slf4j\1.7.36\jul-to-slf4j-1.7.36.jar;C:\Users\thana\.m2\repository\jakarta\annotation\jakarta.annotation-api\1.3.5\jakarta.annotation-api-1.3.5.jar;C:\Users\thana\.m2\repository\org\yaml\snakeyaml\1.30\snakeyaml-1.30.jar;C:\Users\thana\.m2\repository\org\thymeleaf\thymeleaf-spring5\3.0.15.RELEASE\thymeleaf-spring5-3.0.15.RELEASE.jar;C:\Users\thana\.m2\repository\org\thymeleaf\thymeleaf\3.0.15.RELEASE\thymeleaf-3.0.15.RELEASE.jar;C:\Users\thana\.m2\repository\org\attoparser\attoparser\2.0.5.RELEASE\attoparser-2.0.5.RELEASE.jar;C:\Users\thana\.m2\repository\org\unbescape\unbescape\1.1.6.RELEASE\unbescape-1.1.6.RELEASE.jar;C:\Users\thana\.m2\repository\org\thymeleaf\extras\thymeleaf-extras-java8time\3.0.4.RELEASE\thymeleaf-extras-java8time-3.0.4.RELEASE.jar;C:\Users\thana\.m2\repository\org\springframework\boot\spring-boot-starter-web\2.7.3\spring-boot-starter-web-2.7.3.jar;C:\Users\thana\.m2\repository\org\springframework\boot\spring-boot-starter-json\2.7.3\spring-boot-starter-json-2.7.3.jar;C:\Users\thana\.m2\repository\com\fasterxml
Launcher Type: SUN_STANDARD

[Global flags]
     intx CICompilerCount                          = 4                                         {product} {ergonomic}
     uint ConcGCThreads                            = 2                                         {product} {ergonomic}
     uint G1ConcRefinementThreads                  = 8                                         {product} {ergonomic}
   size_t G1HeapRegionSize                         = 1048576                                   {product} {ergonomic}
    uintx GCDrainStackTargetSize                   = 64                                        {product} {ergonomic}
   size_t InitialHeapSize                          = 117440512                                 {product} {ergonomic}
     bool ManagementServer                         = true                                      {product} {command line}
   size_t MarkStackSize                            = 4194304                                   {product} {ergonomic}
   size_t MaxHeapSize                              = 1862270976                                {product} {ergonomic}
   size_t MaxNewSize                               = 1116733440                                {product} {ergonomic}
   size_t MinHeapDeltaBytes                        = 1048576                                   {product} {ergonomic}
   size_t MinHeapSize                              = 8388608                                   {product} {ergonomic}
    uintx NonProfiledCodeHeapSize                  = 0                                      {pd product} {ergonomic}
     bool ProfileInterpreter                       = false                                  {pd product} {command line}
    uintx ProfiledCodeHeapSize                     = 0                                      {pd product} {ergonomic}
   size_t SoftMaxHeapSize                          = 1862270976                             {manageable} {ergonomic}
     intx TieredStopAtLevel                        = 1                                         {product} {command line}
     bool UseCompressedClassPointers               = true                           {product lp64_product} {ergonomic}
     bool UseCompressedOops                        = true                           {product lp64_product} {ergonomic}
     bool UseG1GC                                  = true                                      {product} {ergonomic}
     bool UseLargePagesIndividualAllocation        = false                                  {pd product} {ergonomic}

Logging:
Log output configuration:
 #0: stdout all=warning uptime,level,tags
 #1: stderr all=off uptime,level,tags

Environment Variables:
PATH=C:\Program Files\OpenLogic\jre-17.0.6.10-hotspot\bin;C:\Program Files\OpenJDK\jdk-8.0.342.07-hotspot\bin;C:\Python310\Scripts\;C:\Python310\;C:\Program Files\Common Files\Oracle\Java\javapath;C:\Program Files (x86)\Common Files\Oracle\Java\java8path;C:\Program Files (x86)\Common Files\Oracle\Java\javapath;C:\WINDOWS\system32;C:\WINDOWS;C:\WINDOWS\System32\Wbem;C:\WINDOWS\System32\WindowsPowerShell\v1.0\;C:\WINDOWS\System32\OpenSSH\;C:\Program Files\nodejs\;C:\ProgramData\chocolatey\bin;C:\Program Files\Git\cmd;C:\ProgramData\ComposerSetup\bin;D:\PHP8;C:\Users\thana\AppData\Local\Microsoft\WindowsApps;C:\Users\thana\AppData\Roaming\npm;C:\Program Files\JetBrains\IntelliJ IDEA 2019.3.5\bin;;C:\Program Files\JetBrains\IntelliJ IDEA Community Edition 2022.2.2\bin;;C:\Users\thana\AppData\Local\Microsoft\WindowsApps;C:\Users\thana\AppData\Roaming\Composer\vendor\bin;D:\PHP8;
USERNAME=thana
OS=Windows_NT
PROCESSOR_IDENTIFIER=AMD64 Family 23 Model 24 Stepping 1, AuthenticAMD



---------------  S Y S T E M  ---------------

OS:
 Windows 11 , 64 bit Build 22621 (10.0.22621.3958)
OS uptime: 3 days 12:27 hours
Hyper-V role detected

CPU: total 8 (initial active 8) (8 cores per cpu, 2 threads per core) family 23 model 24 stepping 1 microcode 0x0, cx8, cmov, fxsr, ht, mmx, 3dnowpref, sse, sse2, sse3, ssse3, sse4a, sse4.1, sse4.2, popcnt, lzcnt, tsc, tscinvbit, avx, avx2, aes, clmul, bmi1, bmi2, adx, sha, fma, vzeroupper, clflush, clflushopt, hv

Memory: 4k page, system-wide physical 7103M (963M free)
TotalPageFile size 10944M (AvailPageFile size 85M)
current process WorkingSet (physical memory assigned to process): 187M, peak: 187M
current process commit charge ("private bytes"): 229M, peak: 235M

vm_info: Java HotSpot(TM) 64-Bit Server VM (17.0.2+8-LTS-86) for windows-amd64 JRE (17.0.2+8-LTS-86), built on Dec  7 2021 21:51:03 by "mach5one" with MS VC++ 16.8 / 16.9 (VS2019)

END.
